{"name": "test_valid_login2", "status": "broken", "statusDetails": {"message": "selenium.common.exceptions.TimeoutException: Message: \nStacktrace:\nBacktrace:\n\tGetHandleVerifier [0x00EBA813+48355]\n\t(No symbol) [0x00E4C4B1]\n\t(No symbol) [0x00D55358]\n\t(No symbol) [0x00D809A5]\n\t(No symbol) [0x00D80B3B]\n\t(No symbol) [0x00DAE232]\n\t(No symbol) [0x00D9A784]\n\t(No symbol) [0x00DAC922]\n\t(No symbol) [0x00D9A536]\n\t(No symbol) [0x00D782DC]\n\t(No symbol) [0x00D793DD]\n\tGetHandleVerifier [0x0111AABD+2539405]\n\tGetHandleVerifier [0x0115A78F+2800735]\n\tGetHandleVerifier [0x0115456C+2775612]\n\tGetHandleVerifier [0x00F451E0+616112]\n\t(No symbol) [0x00E55F8C]\n\t(No symbol) [0x00E52328]\n\t(No symbol) [0x00E5240B]\n\t(No symbol) [0x00E44FF7]\n\tBaseThreadInitThunk [0x75ED7D59+25]\n\tRtlInitializeExceptionChain [0x775FB74B+107]\n\tRtlClearBits [0x775FB6CF+191]", "trace": "self = <test_loginfeature2.Test_login object at 0x000001DAD4F75660>\n\n    def test_valid_login2(self):\n>       self.login_page.login(Username, Password)\n\nhrmtestcases\\test_loginfeature2.py:18: \n_ _ _ _ _ _ _ _ _ _ _ _ _ _ _ _ _ _ _ _ _ _ _ _ _ _ _ _ _ _ _ _ _ _ _ _ _ _ _ _ _ _ _ _ _ _ _ _ _ _ _ _ _ _ _ _ _ _ _ _ _ _ _ _ _ _\nhrmpages\\LoginPage.py:14: in login\n    self.webelement_enter(self.email_ele, username)\nhrmhelper\\selenium_helper.py:11: in webelement_enter\n    WebDriverWait(self.driver, 20).until(EC.visibility_of_element_located(locator)).send_keys(text)\n_ _ _ _ _ _ _ _ _ _ _ _ _ _ _ _ _ _ _ _ _ _ _ _ _ _ _ _ _ _ _ _ _ _ _ _ _ _ _ _ _ _ _ _ _ _ _ _ _ _ _ _ _ _ _ _ _ _ _ _ _ _ _ _ _ _\n\nself = <selenium.webdriver.support.wait.WebDriverWait (session=\"7047439de33bf9a0d77d50dc5c768f83\")>\nmethod = <function visibility_of_element_located.<locals>._predicate at 0x000001DAD4F6AD40>, message = ''\n\n    def until(self, method, message: str = \"\"):\n        \"\"\"Calls the method provided with the driver as an argument until the \\\n        return value does not evaluate to ``False``.\n    \n        :param method: callable(WebDriver)\n        :param message: optional message for :exc:`TimeoutException`\n        :returns: the result of the last call to `method`\n        :raises: :exc:`selenium.common.exceptions.TimeoutException` if timeout occurs\n        \"\"\"\n        screen = None\n        stacktrace = None\n    \n        end_time = time.monotonic() + self._timeout\n        while True:\n            try:\n                value = method(self._driver)\n                if value:\n                    return value\n            except self._ignored_exceptions as exc:\n                screen = getattr(exc, \"screen\", None)\n                stacktrace = getattr(exc, \"stacktrace\", None)\n            time.sleep(self._poll)\n            if time.monotonic() > end_time:\n                break\n>       raise TimeoutException(message, screen, stacktrace)\nE       selenium.common.exceptions.TimeoutException: Message: \nE       Stacktrace:\nE       Backtrace:\nE       \tGetHandleVerifier [0x00EBA813+48355]\nE       \t(No symbol) [0x00E4C4B1]\nE       \t(No symbol) [0x00D55358]\nE       \t(No symbol) [0x00D809A5]\nE       \t(No symbol) [0x00D80B3B]\nE       \t(No symbol) [0x00DAE232]\nE       \t(No symbol) [0x00D9A784]\nE       \t(No symbol) [0x00DAC922]\nE       \t(No symbol) [0x00D9A536]\nE       \t(No symbol) [0x00D782DC]\nE       \t(No symbol) [0x00D793DD]\nE       \tGetHandleVerifier [0x0111AABD+2539405]\nE       \tGetHandleVerifier [0x0115A78F+2800735]\nE       \tGetHandleVerifier [0x0115456C+2775612]\nE       \tGetHandleVerifier [0x00F451E0+616112]\nE       \t(No symbol) [0x00E55F8C]\nE       \t(No symbol) [0x00E52328]\nE       \t(No symbol) [0x00E5240B]\nE       \t(No symbol) [0x00E44FF7]\nE       \tBaseThreadInitThunk [0x75ED7D59+25]\nE       \tRtlInitializeExceptionChain [0x775FB74B+107]\nE       \tRtlClearBits [0x775FB6CF+191]\n\npytest-selenium\\lib\\site-packages\\selenium\\webdriver\\support\\wait.py:95: TimeoutException"}, "start": 1688453110387, "stop": 1688453130437, "uuid": "7e15a4cf-04dc-43b5-852f-7e259bcd2c75", "historyId": "be747f4eecb9ebc37226c0eb29e3993c", "testCaseId": "be747f4eecb9ebc37226c0eb29e3993c", "fullName": "hrmtestcases.test_loginfeature2.Test_login#test_valid_login2", "labels": [{"name": "tag", "value": "@pytest.mark.usefixtures('browser_setup')"}, {"name": "parentSuite", "value": "hrmtestcases"}, {"name": "suite", "value": "test_loginfeature2"}, {"name": "subSuite", "value": "Test_login"}, {"name": "host", "value": "Saurabh-PC"}, {"name": "thread", "value": "17188-MainThread"}, {"name": "framework", "value": "pytest"}, {"name": "language", "value": "cpython3"}, {"name": "package", "value": "hrmtestcases.test_loginfeature2"}]}